[ 2017-04-25T14:40:06+08:00 ] 1.58.112.86 /Public/Admin/image/line1.png
INFO: [ app_init ] --START--
INFO: Run Behavior\BuildLiteBehavior [ RunTime:0.000021s ]
INFO: [ app_init ] --END-- [ RunTime:0.000332s ]
ERR: 无法加载模块:Public

[ 2017-04-25T14:40:06+08:00 ] 1.58.112.86 /Public/Admin/image/line1.png
INFO: [ app_init ] --START--
INFO: Run Behavior\BuildLiteBehavior [ RunTime:0.000021s ]
INFO: [ app_init ] --END-- [ RunTime:0.000342s ]
ERR: 无法加载模块:Public

[ 2017-04-25T14:43:08+08:00 ] 42.102.130.106 /wawa/index.php/Wap/Jssdk/index
INFO: [ app_init ] --START--
INFO: Run Behavior\BuildLiteBehavior [ RunTime:0.000025s ]
INFO: [ app_init ] --END-- [ RunTime:0.000405s ]
ERR: 无法加载模块:Wawa

[ 2017-04-25T14:43:08+08:00 ] 42.102.130.106 /wawa/index.php/Wap/Jssdk/index
INFO: [ app_init ] --START--
INFO: Run Behavior\BuildLiteBehavior [ RunTime:0.000036s ]
INFO: [ app_init ] --END-- [ RunTime:0.000521s ]
ERR: 无法加载模块:Wawa

[ 2017-04-25T14:43:21+08:00 ] 42.102.130.106 /wawa/index.php/Wap/Jssdk/index
INFO: [ app_init ] --START--
INFO: Run Behavior\BuildLiteBehavior [ RunTime:0.000024s ]
INFO: [ app_init ] --END-- [ RunTime:0.000398s ]
ERR: 无法加载模块:Wawa

[ 2017-04-25T14:43:25+08:00 ] 42.102.130.106 /wawa/index.php/Wap/Jssdk/index
INFO: [ app_init ] --START--
INFO: Run Behavior\BuildLiteBehavior [ RunTime:0.000041s ]
INFO: [ app_init ] --END-- [ RunTime:0.000536s ]
ERR: 无法加载模块:Wawa

[ 2017-04-25T14:43:53+08:00 ] 42.102.130.106 /wawa/index.php/Wap/Jssdk/index
INFO: [ app_init ] --START--
INFO: Run Behavior\BuildLiteBehavior [ RunTime:0.000020s ]
INFO: [ app_init ] --END-- [ RunTime:0.000403s ]
ERR: 无法加载模块:Wawa

[ 2017-04-25T14:43:58+08:00 ] 42.102.130.106 /wawa/index.php/Wap/Jssdk/index
INFO: [ app_init ] --START--
INFO: Run Behavior\BuildLiteBehavior [ RunTime:0.000019s ]
INFO: [ app_init ] --END-- [ RunTime:0.000377s ]
ERR: 无法加载模块:Wawa

[ 2017-04-25T14:44:10+08:00 ] 42.102.130.106 /wawa/index.php/Wap/Jssdk/index
INFO: [ app_init ] --START--
INFO: Run Behavior\BuildLiteBehavior [ RunTime:0.000021s ]
INFO: [ app_init ] --END-- [ RunTime:0.000357s ]
ERR: 无法加载模块:Wawa

[ 2017-04-25T14:45:30+08:00 ] 42.102.130.106 /wawa/index.php/Wap/Jssdk/index
INFO: [ app_init ] --START--
INFO: Run Behavior\BuildLiteBehavior [ RunTime:0.000022s ]
INFO: [ app_init ] --END-- [ RunTime:0.000359s ]
ERR: 无法加载模块:Wawa

[ 2017-04-25T14:46:09+08:00 ] 42.102.130.106 /wawa/index.php/Wap/Jssdk/index
INFO: [ app_init ] --START--
INFO: Run Behavior\BuildLiteBehavior [ RunTime:0.000022s ]
INFO: [ app_init ] --END-- [ RunTime:0.000374s ]
ERR: 无法加载模块:Wawa

[ 2017-04-25T14:47:38+08:00 ] 42.102.130.106 /wawa/index.php/Wap/Jssdk/index
INFO: [ app_init ] --START--
INFO: Run Behavior\BuildLiteBehavior [ RunTime:0.000021s ]
INFO: [ app_init ] --END-- [ RunTime:0.000336s ]
ERR: 无法加载模块:Wawa

[ 2017-04-25T14:47:52+08:00 ] 42.102.130.106 /wawa/index.php/Wap/Jssdk/index
INFO: [ app_init ] --START--
INFO: Run Behavior\BuildLiteBehavior [ RunTime:0.000021s ]
INFO: [ app_init ] --END-- [ RunTime:0.000341s ]
ERR: 无法加载模块:Wawa

[ 2017-04-25T14:48:06+08:00 ] 42.102.130.106 /wawa/index.php/Wap/Jssdk/index
INFO: [ app_init ] --START--
INFO: Run Behavior\BuildLiteBehavior [ RunTime:0.000022s ]
INFO: [ app_init ] --END-- [ RunTime:0.000332s ]
ERR: 无法加载模块:Wawa

[ 2017-04-25T14:48:51+08:00 ] 42.102.130.106 /wawa/index.php/Wap/Jssdk/index
INFO: [ app_init ] --START--
INFO: Run Behavior\BuildLiteBehavior [ RunTime:0.000022s ]
INFO: [ app_init ] --END-- [ RunTime:0.000438s ]
ERR: 无法加载模块:Wawa

[ 2017-04-25T14:49:21+08:00 ] 42.102.130.106 /wawa/index.php/Wap/Jssdk/index
INFO: [ app_init ] --START--
INFO: Run Behavior\BuildLiteBehavior [ RunTime:0.000022s ]
INFO: [ app_init ] --END-- [ RunTime:0.000392s ]
ERR: 无法加载模块:Wawa

[ 2017-04-25T14:49:42+08:00 ] 42.102.130.106 /wawa/index.php/Wap/Jssdk/index
INFO: [ app_init ] --START--
INFO: Run Behavior\BuildLiteBehavior [ RunTime:0.000022s ]
INFO: [ app_init ] --END-- [ RunTime:0.000396s ]
ERR: 无法加载模块:Wawa

[ 2017-04-25T14:50:03+08:00 ] 42.102.130.106 /wawa/index.php/Wap/Jssdk/index
INFO: [ app_init ] --START--
INFO: Run Behavior\BuildLiteBehavior [ RunTime:0.000022s ]
INFO: [ app_init ] --END-- [ RunTime:0.000416s ]
ERR: 无法加载模块:Wawa

[ 2017-04-25T14:50:46+08:00 ] 42.102.130.106 /wawa/index.php/Wap/Jssdk/index
INFO: [ app_init ] --START--
INFO: Run Behavior\BuildLiteBehavior [ RunTime:0.000021s ]
INFO: [ app_init ] --END-- [ RunTime:0.000367s ]
ERR: 无法加载模块:Wawa

[ 2017-04-25T14:51:24+08:00 ] 1.58.112.86 /Public/Admin/image/line1.png
INFO: [ app_init ] --START--
INFO: Run Behavior\BuildLiteBehavior [ RunTime:0.000029s ]
INFO: [ app_init ] --END-- [ RunTime:0.000341s ]
ERR: 无法加载模块:Public

[ 2017-04-25T14:51:26+08:00 ] 1.58.112.86 /Public/Admin/image/line1.png
INFO: [ app_init ] --START--
INFO: Run Behavior\BuildLiteBehavior [ RunTime:0.000022s ]
INFO: [ app_init ] --END-- [ RunTime:0.000367s ]
ERR: 无法加载模块:Public

[ 2017-04-25T14:52:10+08:00 ] 42.102.130.106 /wawa/index.php/Wap/Jssdk/index
INFO: [ app_init ] --START--
INFO: Run Behavior\BuildLiteBehavior [ RunTime:0.000025s ]
INFO: [ app_init ] --END-- [ RunTime:0.000421s ]
ERR: 无法加载模块:Wawa

[ 2017-04-25T14:52:20+08:00 ] 140.207.185.111 /jiawawa/libs/modules/res/jquery.min.js
INFO: [ app_init ] --START--
INFO: Run Behavior\BuildLiteBehavior [ RunTime:0.000026s ]
INFO: [ app_init ] --END-- [ RunTime:0.000404s ]
ERR: 无法加载模块:Jiawawa

[ 2017-04-25T14:52:20+08:00 ] 140.207.185.111 /jiawawa/libs/modules/egret/egret.min.js
INFO: [ app_init ] --START--
INFO: Run Behavior\BuildLiteBehavior [ RunTime:0.000024s ]
INFO: [ app_init ] --END-- [ RunTime:0.000462s ]
ERR: 无法加载模块:Jiawawa

[ 2017-04-25T14:52:20+08:00 ] 140.207.185.111 /jiawawa/libs/modules/egret/egret.web.min.js
INFO: [ app_init ] --START--
INFO: Run Behavior\BuildLiteBehavior [ RunTime:0.000024s ]
INFO: [ app_init ] --END-- [ RunTime:0.000364s ]
ERR: 无法加载模块:Jiawawa

[ 2017-04-25T14:52:20+08:00 ] 140.207.185.111 /jiawawa/libs/modules/res/res.min.js
INFO: [ app_init ] --START--
INFO: Run Behavior\BuildLiteBehavior [ RunTime:0.000034s ]
INFO: [ app_init ] --END-- [ RunTime:0.000469s ]
ERR: 无法加载模块:Jiawawa

[ 2017-04-25T14:52:21+08:00 ] 140.207.185.111 /jiawawa/libs/modules/game/game.js
INFO: [ app_init ] --START--
INFO: Run Behavior\BuildLiteBehavior [ RunTime:0.000025s ]
INFO: [ app_init ] --END-- [ RunTime:0.000430s ]
ERR: 无法加载模块:Jiawawa

[ 2017-04-25T14:52:21+08:00 ] 140.207.185.111 /jiawawa/libs/modules/socket/socket.min.js
INFO: [ app_init ] --START--
INFO: Run Behavior\BuildLiteBehavior [ RunTime:0.000027s ]
INFO: [ app_init ] --END-- [ RunTime:0.000399s ]
ERR: 无法加载模块:Jiawawa

[ 2017-04-25T14:52:21+08:00 ] 140.207.185.111 /jiawawa/libs/modules/tween/tween.js
INFO: [ app_init ] --START--
INFO: Run Behavior\BuildLiteBehavior [ RunTime:0.000024s ]
INFO: [ app_init ] --END-- [ RunTime:0.000360s ]
ERR: 无法加载模块:Jiawawa

[ 2017-04-25T14:52:21+08:00 ] 140.207.185.111 /jiawawa/polyfill/promise.min.js
INFO: [ app_init ] --START--
INFO: Run Behavior\BuildLiteBehavior [ RunTime:0.000023s ]
INFO: [ app_init ] --END-- [ RunTime:0.000431s ]
ERR: 无法加载模块:Jiawawa

[ 2017-04-25T14:52:21+08:00 ] 140.207.185.111 /jiawawa/main.min.js
INFO: [ app_init ] --START--
INFO: Run Behavior\BuildLiteBehavior [ RunTime:0.000024s ]
INFO: [ app_init ] --END-- [ RunTime:0.000378s ]
ERR: 无法加载模块:Jiawawa

[ 2017-04-25T14:53:08+08:00 ] 1.58.112.86 /Public/Admin/image/line1.png
INFO: [ app_init ] --START--
INFO: Run Behavior\BuildLiteBehavior [ RunTime:0.000022s ]
INFO: [ app_init ] --END-- [ RunTime:0.000332s ]
ERR: 无法加载模块:Public

[ 2017-04-25T15:06:06+08:00 ] 42.102.130.106 /wawa/index.php/Wap/Jssdk/index
INFO: [ app_init ] --START--
INFO: Run Behavior\BuildLiteBehavior [ RunTime:0.000021s ]
INFO: [ app_init ] --END-- [ RunTime:0.000352s ]
ERR: 无法加载模块:Wawa

[ 2017-04-25T15:28:37+08:00 ] 42.102.130.106 /wawa/index.php/Wap/Jssdk/index
INFO: [ app_init ] --START--
INFO: Run Behavior\BuildLiteBehavior [ RunTime:0.000022s ]
INFO: [ app_init ] --END-- [ RunTime:0.000371s ]
ERR: 无法加载模块:Wawa

[ 2017-04-25T15:28:47+08:00 ] 101.226.66.178 /jiawawa/libs/modules/res/jquery.min.js
INFO: [ app_init ] --START--
INFO: Run Behavior\BuildLiteBehavior [ RunTime:0.000022s ]
INFO: [ app_init ] --END-- [ RunTime:0.000352s ]
ERR: 无法加载模块:Jiawawa

[ 2017-04-25T15:28:47+08:00 ] 101.226.66.178 /jiawawa/libs/modules/egret/egret.min.js
INFO: [ app_init ] --START--
INFO: Run Behavior\BuildLiteBehavior [ RunTime:0.000023s ]
INFO: [ app_init ] --END-- [ RunTime:0.000351s ]
ERR: 无法加载模块:Jiawawa

[ 2017-04-25T15:28:47+08:00 ] 101.226.66.178 /jiawawa/libs/modules/egret/egret.web.min.js
INFO: [ app_init ] --START--
INFO: Run Behavior\BuildLiteBehavior [ RunTime:0.000021s ]
INFO: [ app_init ] --END-- [ RunTime:0.000419s ]
ERR: 无法加载模块:Jiawawa

[ 2017-04-25T15:28:48+08:00 ] 101.226.66.178 /jiawawa/libs/modules/res/res.min.js
INFO: [ app_init ] --START--
INFO: Run Behavior\BuildLiteBehavior [ RunTime:0.000022s ]
INFO: [ app_init ] --END-- [ RunTime:0.000378s ]
ERR: 无法加载模块:Jiawawa

[ 2017-04-25T15:28:48+08:00 ] 101.226.66.178 /jiawawa/libs/modules/game/game.js
INFO: [ app_init ] --START--
INFO: Run Behavior\BuildLiteBehavior [ RunTime:0.000022s ]
INFO: [ app_init ] --END-- [ RunTime:0.000461s ]
ERR: 无法加载模块:Jiawawa

[ 2017-04-25T15:28:48+08:00 ] 101.226.66.178 /jiawawa/libs/modules/socket/socket.min.js
INFO: [ app_init ] --START--
INFO: Run Behavior\BuildLiteBehavior [ RunTime:0.000027s ]
INFO: [ app_init ] --END-- [ RunTime:0.000354s ]
ERR: 无法加载模块:Jiawawa

[ 2017-04-25T15:28:48+08:00 ] 101.226.66.178 /jiawawa/libs/modules/tween/tween.js
INFO: [ app_init ] --START--
INFO: Run Behavior\BuildLiteBehavior [ RunTime:0.000021s ]
INFO: [ app_init ] --END-- [ RunTime:0.000417s ]
ERR: 无法加载模块:Jiawawa

[ 2017-04-25T15:28:48+08:00 ] 101.226.66.178 /jiawawa/polyfill/promise.min.js
INFO: [ app_init ] --START--
INFO: Run Behavior\BuildLiteBehavior [ RunTime:0.000021s ]
INFO: [ app_init ] --END-- [ RunTime:0.000399s ]
ERR: 无法加载模块:Jiawawa

[ 2017-04-25T15:28:48+08:00 ] 101.226.66.178 /jiawawa/main.min.js
INFO: [ app_init ] --START--
INFO: Run Behavior\BuildLiteBehavior [ RunTime:0.000021s ]
INFO: [ app_init ] --END-- [ RunTime:0.000338s ]
ERR: 无法加载模块:Jiawawa

[ 2017-04-25T15:29:52+08:00 ] 42.102.130.106 /wawa/index.php/Wap/Jssdk/index
INFO: [ app_init ] --START--
INFO: Run Behavior\BuildLiteBehavior [ RunTime:0.000021s ]
INFO: [ app_init ] --END-- [ RunTime:0.000326s ]
ERR: 无法加载模块:Wawa

[ 2017-04-25T15:29:59+08:00 ] 42.102.130.106 /wawa/index.php/Wap/Jssdk/index
INFO: [ app_init ] --START--
INFO: Run Behavior\BuildLiteBehavior [ RunTime:0.000049s ]
INFO: [ app_init ] --END-- [ RunTime:0.000621s ]
ERR: 无法加载模块:Wawa

[ 2017-04-25T15:31:15+08:00 ] 42.102.130.106 /wawa/index.php/Wap/Jssdk/index
INFO: [ app_init ] --START--
INFO: Run Behavior\BuildLiteBehavior [ RunTime:0.000022s ]
INFO: [ app_init ] --END-- [ RunTime:0.000357s ]
ERR: 无法加载模块:Wawa

[ 2017-04-25T15:31:31+08:00 ] 42.102.130.106 /wawa/index.php/Wap/Jssdk/index
INFO: [ app_init ] --START--
INFO: Run Behavior\BuildLiteBehavior [ RunTime:0.000021s ]
INFO: [ app_init ] --END-- [ RunTime:0.000356s ]
ERR: 无法加载模块:Wawa

[ 2017-04-25T16:01:52+08:00 ] 1.58.112.86 /Public/Admin/image/line1.png
INFO: [ app_init ] --START--
INFO: Run Behavior\BuildLiteBehavior [ RunTime:0.000031s ]
INFO: [ app_init ] --END-- [ RunTime:0.000513s ]
ERR: 无法加载模块:Public

[ 2017-04-25T16:17:12+08:00 ] 1.58.112.86 /Public/Admin/image/line1.png
INFO: [ app_init ] --START--
INFO: Run Behavior\BuildLiteBehavior [ RunTime:0.000021s ]
INFO: [ app_init ] --END-- [ RunTime:0.000409s ]
ERR: 无法加载模块:Public

[ 2017-04-25T16:18:53+08:00 ] 1.58.112.86 /Public/Admin/image/line1.png
INFO: [ app_init ] --START--
INFO: Run Behavior\BuildLiteBehavior [ RunTime:0.000022s ]
INFO: [ app_init ] --END-- [ RunTime:0.000341s ]
ERR: 无法加载模块:Public

[ 2017-04-25T16:24:30+08:00 ] 42.102.130.106 /wawa/index.php/Wap/Jssdk/index
INFO: [ app_init ] --START--
INFO: Run Behavior\BuildLiteBehavior [ RunTime:0.000023s ]
INFO: [ app_init ] --END-- [ RunTime:0.000377s ]
ERR: 无法加载模块:Wawa

[ 2017-04-25T16:25:19+08:00 ] 42.102.130.106 /wawa/index.php/Wap/Jssdk/index
INFO: [ app_init ] --START--
INFO: Run Behavior\BuildLiteBehavior [ RunTime:0.000024s ]
INFO: [ app_init ] --END-- [ RunTime:0.000877s ]
ERR: 无法加载模块:Wawa

[ 2017-04-25T16:30:16+08:00 ] 42.102.130.106 /wawa/index.php/Wap/Jssdk/index
INFO: [ app_init ] --START--
INFO: Run Behavior\BuildLiteBehavior [ RunTime:0.000021s ]
INFO: [ app_init ] --END-- [ RunTime:0.000877s ]
ERR: 无法加载模块:Wawa

[ 2017-04-25T16:30:19+08:00 ] 42.102.130.106 /wawa/index.php/Wap/Jssdk/index
INFO: [ app_init ] --START--
INFO: Run Behavior\BuildLiteBehavior [ RunTime:0.000023s ]
INFO: [ app_init ] --END-- [ RunTime:0.000942s ]
ERR: 无法加载模块:Wawa

[ 2017-04-25T16:30:52+08:00 ] 42.102.130.106 /wawa/index.php/Wap/Jssdk/index
INFO: [ app_init ] --START--
INFO: Run Behavior\BuildLiteBehavior [ RunTime:0.000021s ]
INFO: [ app_init ] --END-- [ RunTime:0.000373s ]
ERR: 无法加载模块:Wawa

[ 2017-04-25T16:31:01+08:00 ] 42.102.130.106 /wawa/index.php/Wap/Jssdk/index
INFO: [ app_init ] --START--
INFO: Run Behavior\BuildLiteBehavior [ RunTime:0.000023s ]
INFO: [ app_init ] --END-- [ RunTime:0.000350s ]
ERR: 无法加载模块:Wawa

[ 2017-04-25T16:37:18+08:00 ] 42.102.130.106 /wawa/index.php/Wap/Jssdk/index
INFO: [ app_init ] --START--
INFO: Run Behavior\BuildLiteBehavior [ RunTime:0.000022s ]
INFO: [ app_init ] --END-- [ RunTime:0.000338s ]
ERR: 无法加载模块:Wawa

[ 2017-04-25T16:37:42+08:00 ] 42.102.130.106 /wawa/index.php/Wap/Jssdk/index
INFO: [ app_init ] --START--
INFO: Run Behavior\BuildLiteBehavior [ RunTime:0.000021s ]
INFO: [ app_init ] --END-- [ RunTime:0.000863s ]
ERR: 无法加载模块:Wawa

[ 2017-04-25T16:37:58+08:00 ] 42.102.130.106 /wawa/index.php/Wap/Jssdk/index
INFO: [ app_init ] --START--
INFO: Run Behavior\BuildLiteBehavior [ RunTime:0.000025s ]
INFO: [ app_init ] --END-- [ RunTime:0.000364s ]
ERR: 无法加载模块:Wawa

[ 2017-04-25T16:38:57+08:00 ] 42.102.130.106 /wawa/index.php/Wap/Jssdk/index
INFO: [ app_init ] --START--
INFO: Run Behavior\BuildLiteBehavior [ RunTime:0.000023s ]
INFO: [ app_init ] --END-- [ RunTime:0.000861s ]
ERR: 无法加载模块:Wawa

[ 2017-04-25T16:39:43+08:00 ] 42.102.130.106 /wawa/index.php/Wap/Jssdk/index
INFO: [ app_init ] --START--
INFO: Run Behavior\BuildLiteBehavior [ RunTime:0.000022s ]
INFO: [ app_init ] --END-- [ RunTime:0.000377s ]
ERR: 无法加载模块:Wawa

[ 2017-04-25T16:44:08+08:00 ] 42.102.130.106 /wawa/index.php/Wap/Jssdk/index
INFO: [ app_init ] --START--
INFO: Run Behavior\BuildLiteBehavior [ RunTime:0.000022s ]
INFO: [ app_init ] --END-- [ RunTime:0.000376s ]
ERR: 无法加载模块:Wawa

[ 2017-04-25T16:53:39+08:00 ] 42.102.130.106 /wawa/index.php/Wap/Jssdk/index
INFO: [ app_init ] --START--
INFO: Run Behavior\BuildLiteBehavior [ RunTime:0.000024s ]
INFO: [ app_init ] --END-- [ RunTime:0.000406s ]
ERR: 无法加载模块:Wawa

[ 2017-04-25T16:53:40+08:00 ] 42.102.130.106 /wawa/index.php/Wap/Jssdk/index
INFO: [ app_init ] --START--
INFO: Run Behavior\BuildLiteBehavior [ RunTime:0.000022s ]
INFO: [ app_init ] --END-- [ RunTime:0.000352s ]
ERR: 无法加载模块:Wawa

[ 2017-04-25T16:53:58+08:00 ] 42.102.130.106 /wawa/index.php/Wap/Jssdk/index
INFO: [ app_init ] --START--
INFO: Run Behavior\BuildLiteBehavior [ RunTime:0.000055s ]
INFO: [ app_init ] --END-- [ RunTime:0.000373s ]
ERR: 无法加载模块:Wawa

[ 2017-04-25T16:54:06+08:00 ] 42.102.130.106 /wawa/index.php/Wap/Jssdk/index
INFO: [ app_init ] --START--
INFO: Run Behavior\BuildLiteBehavior [ RunTime:0.000021s ]
INFO: [ app_init ] --END-- [ RunTime:0.000336s ]
ERR: 无法加载模块:Wawa

[ 2017-04-25T16:54:21+08:00 ] 42.102.130.106 /wawa/index.php/Wap/Jssdk/index
INFO: [ app_init ] --START--
INFO: Run Behavior\BuildLiteBehavior [ RunTime:0.000020s ]
INFO: [ app_init ] --END-- [ RunTime:0.000332s ]
ERR: 无法加载模块:Wawa

[ 2017-04-25T16:55:47+08:00 ] 42.102.130.106 /wawa/index.php/Wap/Jssdk/index
INFO: [ app_init ] --START--
INFO: Run Behavior\BuildLiteBehavior [ RunTime:0.000021s ]
INFO: [ app_init ] --END-- [ RunTime:0.000366s ]
ERR: 无法加载模块:Wawa

[ 2017-04-25T16:55:49+08:00 ] 42.102.130.106 /wawa/index.php/Wap/Jssdk/index
INFO: [ app_init ] --START--
INFO: Run Behavior\BuildLiteBehavior [ RunTime:0.000022s ]
INFO: [ app_init ] --END-- [ RunTime:0.000386s ]
ERR: 无法加载模块:Wawa

[ 2017-04-25T17:21:42+08:00 ] 1.58.112.86 /wawa/index.php/Wap/Jssdk/index
INFO: [ app_init ] --START--
INFO: Run Behavior\BuildLiteBehavior [ RunTime:0.000021s ]
INFO: [ app_init ] --END-- [ RunTime:0.000355s ]
ERR: 无法加载模块:Wawa

