[ 2017-04-27T11:01:58+08:00 ] 1.62.138.20 /index.php?m=Utm&c=Index&a=index
INFO: [ app_init ] --START--
INFO: Run Behavior\BuildLiteBehavior [ RunTime:0.000019s ]
INFO: [ app_init ] --END-- [ RunTime:0.000411s ]
INFO: [ app_begin ] --START--
INFO: Run Behavior\ReadHtmlCacheBehavior [ RunTime:0.000388s ]
INFO: [ app_begin ] --END-- [ RunTime:0.000510s ]
INFO: [ view_parse ] --START--
INFO: [ template_filter ] --START--
INFO: Run Behavior\ContentReplaceBehavior [ RunTime:0.000046s ]
INFO: [ template_filter ] --END-- [ RunTime:0.000101s ]
INFO: Run Behavior\ParseTemplateBehavior [ RunTime:0.013202s ]
INFO: [ view_parse ] --END-- [ RunTime:0.013264s ]
INFO: [ view_filter ] --START--
INFO: Run Behavior\WriteHtmlCacheBehavior [ RunTime:0.000215s ]
INFO: [ view_filter ] --END-- [ RunTime:0.000272s ]
INFO: [ app_end ] --START--
INFO: Run Behavior\ShowPageTraceBehavior [ RunTime:0.000460s ]
INFO: [ app_end ] --END-- [ RunTime:0.000514s ]

[ 2017-04-27T11:01:58+08:00 ] 1.62.138.20 /index.php?m=Utm&c=Index&a=top
INFO: [ app_init ] --START--
INFO: Run Behavior\BuildLiteBehavior [ RunTime:0.000017s ]
INFO: [ app_init ] --END-- [ RunTime:0.000408s ]
INFO: [ app_begin ] --START--
INFO: Run Behavior\ReadHtmlCacheBehavior [ RunTime:0.000359s ]
INFO: [ app_begin ] --END-- [ RunTime:0.000413s ]
INFO: [ view_parse ] --START--
INFO: [ template_filter ] --START--
INFO: Run Behavior\ContentReplaceBehavior [ RunTime:0.000043s ]
INFO: [ template_filter ] --END-- [ RunTime:0.000094s ]
INFO: Run Behavior\ParseTemplateBehavior [ RunTime:0.005945s ]
INFO: [ view_parse ] --END-- [ RunTime:0.006059s ]
INFO: [ view_filter ] --START--
INFO: Run Behavior\WriteHtmlCacheBehavior [ RunTime:0.000190s ]
INFO: [ view_filter ] --END-- [ RunTime:0.000232s ]
INFO: [ app_end ] --START--
INFO: Run Behavior\ShowPageTraceBehavior [ RunTime:0.000385s ]
INFO: [ app_end ] --END-- [ RunTime:0.000444s ]

[ 2017-04-27T11:01:58+08:00 ] 1.62.138.20 /index.php?m=Utm&c=Index&a=footer
INFO: [ app_init ] --START--
INFO: Run Behavior\BuildLiteBehavior [ RunTime:0.000019s ]
INFO: [ app_init ] --END-- [ RunTime:0.000332s ]
INFO: [ app_begin ] --START--
INFO: Run Behavior\ReadHtmlCacheBehavior [ RunTime:0.000350s ]
INFO: [ app_begin ] --END-- [ RunTime:0.000406s ]
INFO: [ view_parse ] --START--
INFO: [ template_filter ] --START--
INFO: Run Behavior\ContentReplaceBehavior [ RunTime:0.000033s ]
INFO: [ template_filter ] --END-- [ RunTime:0.000089s ]
INFO: Run Behavior\ParseTemplateBehavior [ RunTime:0.003708s ]
INFO: [ view_parse ] --END-- [ RunTime:0.003766s ]
INFO: [ view_filter ] --START--
INFO: Run Behavior\WriteHtmlCacheBehavior [ RunTime:0.000171s ]
INFO: [ view_filter ] --END-- [ RunTime:0.000213s ]
INFO: [ app_end ] --START--
INFO: Run Behavior\ShowPageTraceBehavior [ RunTime:0.000456s ]
INFO: [ app_end ] --END-- [ RunTime:0.000503s ]

[ 2017-04-27T11:01:59+08:00 ] 1.62.138.20 /index.php?m=Utm&c=Index&a=left
INFO: [ app_init ] --START--
INFO: Run Behavior\BuildLiteBehavior [ RunTime:0.000018s ]
INFO: [ app_init ] --END-- [ RunTime:0.000297s ]
INFO: [ app_begin ] --START--
INFO: Run Behavior\ReadHtmlCacheBehavior [ RunTime:0.000371s ]
INFO: [ app_begin ] --END-- [ RunTime:0.000428s ]
INFO: [ view_parse ] --START--
INFO: [ template_filter ] --START--
INFO: Run Behavior\ContentReplaceBehavior [ RunTime:0.000048s ]
INFO: [ template_filter ] --END-- [ RunTime:0.000109s ]
INFO: Run Behavior\ParseTemplateBehavior [ RunTime:0.006490s ]
INFO: [ view_parse ] --END-- [ RunTime:0.006546s ]
INFO: [ view_filter ] --START--
INFO: Run Behavior\WriteHtmlCacheBehavior [ RunTime:0.000176s ]
INFO: [ view_filter ] --END-- [ RunTime:0.000219s ]
INFO: [ app_end ] --START--
INFO: Run Behavior\ShowPageTraceBehavior [ RunTime:0.000395s ]
INFO: [ app_end ] --END-- [ RunTime:0.000443s ]

[ 2017-04-27T11:01:59+08:00 ] 1.62.138.20 /index.php?m=Utm&c=Index&a=center
INFO: [ app_init ] --START--
INFO: Run Behavior\BuildLiteBehavior [ RunTime:0.000018s ]
INFO: [ app_init ] --END-- [ RunTime:0.000287s ]
INFO: [ app_begin ] --START--
INFO: Run Behavior\ReadHtmlCacheBehavior [ RunTime:0.000388s ]
INFO: [ app_begin ] --END-- [ RunTime:0.000444s ]
INFO: [ view_parse ] --START--
INFO: [ template_filter ] --START--
INFO: Run Behavior\ContentReplaceBehavior [ RunTime:0.000036s ]
INFO: [ template_filter ] --END-- [ RunTime:0.000091s ]
INFO: Run Behavior\ParseTemplateBehavior [ RunTime:0.006018s ]
INFO: [ view_parse ] --END-- [ RunTime:0.006075s ]
INFO: [ view_filter ] --START--
INFO: Run Behavior\WriteHtmlCacheBehavior [ RunTime:0.000172s ]
INFO: [ view_filter ] --END-- [ RunTime:0.000214s ]
INFO: [ app_end ] --START--
INFO: Run Behavior\ShowPageTraceBehavior [ RunTime:0.000340s ]
INFO: [ app_end ] --END-- [ RunTime:0.000424s ]

[ 2017-04-27T11:02:00+08:00 ] 1.62.138.20 /index.php?m=Utm&c=Zhuanpan&a=add
INFO: [ app_init ] --START--
INFO: Run Behavior\BuildLiteBehavior [ RunTime:0.000019s ]
INFO: [ app_init ] --END-- [ RunTime:0.000418s ]
INFO: [ app_begin ] --START--
INFO: Run Behavior\ReadHtmlCacheBehavior [ RunTime:0.000442s ]
INFO: [ app_begin ] --END-- [ RunTime:0.000523s ]
SQL: SHOW COLUMNS FROM `haokuai_hb` [ RunTime:0.0023s ]
SQL: SELECT * FROM `haokuai_hb` WHERE ( htype=2 ) LIMIT 1   [ RunTime:0.0003s ]
SQL: SHOW COLUMNS FROM `haokuai_hb_gailv` [ RunTime:0.0020s ]
SQL: SELECT * FROM `haokuai_hb_gailv` WHERE ( hbid=7 )  [ RunTime:0.0002s ]
INFO: [ view_parse ] --START--
INFO: [ template_filter ] --START--
INFO: Run Behavior\ContentReplaceBehavior [ RunTime:0.000051s ]
INFO: [ template_filter ] --END-- [ RunTime:0.000103s ]
NOTIC: [8] Use of undefined constant id - assumed 'id' C:\phpStudy\WWW\wawa\Project\Runtime\Cache\Utm\0bd440998be5271497249bce6483727e.php 第 78 行.
NOTIC: [8] Use of undefined constant hmin - assumed 'hmin' C:\phpStudy\WWW\wawa\Project\Runtime\Cache\Utm\0bd440998be5271497249bce6483727e.php 第 87 行.
NOTIC: [8] Use of undefined constant hmax - assumed 'hmax' C:\phpStudy\WWW\wawa\Project\Runtime\Cache\Utm\0bd440998be5271497249bce6483727e.php 第 88 行.
NOTIC: [8] Use of undefined constant hgailv - assumed 'hgailv' C:\phpStudy\WWW\wawa\Project\Runtime\Cache\Utm\0bd440998be5271497249bce6483727e.php 第 89 行.
NOTIC: [8] Use of undefined constant hcishu - assumed 'hcishu' C:\phpStudy\WWW\wawa\Project\Runtime\Cache\Utm\0bd440998be5271497249bce6483727e.php 第 90 行.
INFO: Run Behavior\ParseTemplateBehavior [ RunTime:0.005853s ]
INFO: [ view_parse ] --END-- [ RunTime:0.005916s ]
INFO: [ view_filter ] --START--
INFO: Run Behavior\WriteHtmlCacheBehavior [ RunTime:0.000205s ]
INFO: [ view_filter ] --END-- [ RunTime:0.000260s ]
INFO: [ app_end ] --START--
INFO: Run Behavior\ShowPageTraceBehavior [ RunTime:0.000479s ]
INFO: [ app_end ] --END-- [ RunTime:0.000539s ]

[ 2017-04-27T11:02:01+08:00 ] 1.62.138.20 /index.php?m=Utm&c=Yongjin&a=index
INFO: [ app_init ] --START--
INFO: Run Behavior\BuildLiteBehavior [ RunTime:0.000025s ]
INFO: [ app_init ] --END-- [ RunTime:0.000396s ]
INFO: [ app_begin ] --START--
INFO: Run Behavior\ReadHtmlCacheBehavior [ RunTime:0.000360s ]
INFO: [ app_begin ] --END-- [ RunTime:0.000418s ]
SQL: SHOW COLUMNS FROM `haokuai_yongjin_set` [ RunTime:0.0021s ]
SQL: SELECT COUNT(*) AS tp_count FROM `haokuai_yongjin_set` LIMIT 1   [ RunTime:0.0003s ]
SQL: SELECT * FROM `haokuai_yongjin_set` LIMIT 0,10   [ RunTime:0.0002s ]
INFO: [ view_parse ] --START--
INFO: [ template_filter ] --START--
INFO: Run Behavior\ContentReplaceBehavior [ RunTime:0.000050s ]
INFO: [ template_filter ] --END-- [ RunTime:0.000101s ]
INFO: Run Behavior\ParseTemplateBehavior [ RunTime:0.006142s ]
INFO: [ view_parse ] --END-- [ RunTime:0.006201s ]
INFO: [ view_filter ] --START--
INFO: Run Behavior\WriteHtmlCacheBehavior [ RunTime:0.000177s ]
INFO: [ view_filter ] --END-- [ RunTime:0.000219s ]
INFO: [ app_end ] --START--
INFO: Run Behavior\ShowPageTraceBehavior [ RunTime:0.000456s ]
INFO: [ app_end ] --END-- [ RunTime:0.000519s ]

[ 2017-04-27T11:02:02+08:00 ] 1.62.138.20 /index.php?m=Utm&c=Sysconfig&a=index
INFO: [ app_init ] --START--
INFO: Run Behavior\BuildLiteBehavior [ RunTime:0.000018s ]
INFO: [ app_init ] --END-- [ RunTime:0.000371s ]
INFO: [ app_begin ] --START--
INFO: Run Behavior\ReadHtmlCacheBehavior [ RunTime:0.000360s ]
INFO: [ app_begin ] --END-- [ RunTime:0.000465s ]
SQL: SHOW COLUMNS FROM `haokuai_sys_config` [ RunTime:0.0021s ]
SQL: SELECT * FROM `haokuai_sys_config` WHERE ( adminid=1 ) LIMIT 1   [ RunTime:0.0004s ]
INFO: [ view_parse ] --START--
INFO: [ template_filter ] --START--
INFO: Run Behavior\ContentReplaceBehavior [ RunTime:0.000079s ]
INFO: [ template_filter ] --END-- [ RunTime:0.000129s ]
NOTIC: [8] Use of undefined constant cbeicode - assumed 'cbeicode' C:\phpStudy\WWW\wawa\Project\Runtime\Cache\Utm\5cd53d35ff1414d1900432289dc69e87.php 第 30 行.
NOTIC: [8] Use of undefined constant cmaurl - assumed 'cmaurl' C:\phpStudy\WWW\wawa\Project\Runtime\Cache\Utm\5cd53d35ff1414d1900432289dc69e87.php 第 65 行.
NOTIC: [8] Use of undefined constant cfaurl - assumed 'cfaurl' C:\phpStudy\WWW\wawa\Project\Runtime\Cache\Utm\5cd53d35ff1414d1900432289dc69e87.php 第 69 行.
NOTIC: [8] Use of undefined constant cbeiurl - assumed 'cbeiurl' C:\phpStudy\WWW\wawa\Project\Runtime\Cache\Utm\5cd53d35ff1414d1900432289dc69e87.php 第 108 行.
INFO: Run Behavior\ParseTemplateBehavior [ RunTime:0.007661s ]
INFO: [ view_parse ] --END-- [ RunTime:0.007714s ]
INFO: [ view_filter ] --START--
INFO: Run Behavior\WriteHtmlCacheBehavior [ RunTime:0.000181s ]
INFO: [ view_filter ] --END-- [ RunTime:0.000233s ]
NOTIC: [8] Undefined variable: uk C:\phpStudy\WWW\wawa\Project\Utm\Controller\IndexController.class.php 第 55 行.
INFO: [ app_end ] --START--
INFO: Run Behavior\ShowPageTraceBehavior [ RunTime:0.000358s ]
INFO: [ app_end ] --END-- [ RunTime:0.000421s ]

[ 2017-04-27T11:02:03+08:00 ] 1.62.138.20 /index.php?m=Utm&c=Sysuser&a=passedit
INFO: [ app_init ] --START--
INFO: Run Behavior\BuildLiteBehavior [ RunTime:0.000019s ]
INFO: [ app_init ] --END-- [ RunTime:0.000306s ]
INFO: [ app_begin ] --START--
INFO: Run Behavior\ReadHtmlCacheBehavior [ RunTime:0.000368s ]
INFO: [ app_begin ] --END-- [ RunTime:0.000423s ]
INFO: [ view_parse ] --START--
INFO: [ template_filter ] --START--
INFO: Run Behavior\ContentReplaceBehavior [ RunTime:0.000040s ]
INFO: [ template_filter ] --END-- [ RunTime:0.000094s ]
INFO: Run Behavior\ParseTemplateBehavior [ RunTime:0.004919s ]
INFO: [ view_parse ] --END-- [ RunTime:0.004978s ]
INFO: [ view_filter ] --START--
INFO: Run Behavior\WriteHtmlCacheBehavior [ RunTime:0.000191s ]
INFO: [ view_filter ] --END-- [ RunTime:0.000235s ]
INFO: [ app_end ] --START--
INFO: Run Behavior\ShowPageTraceBehavior [ RunTime:0.000406s ]
INFO: [ app_end ] --END-- [ RunTime:0.000467s ]

[ 2017-04-27T11:02:04+08:00 ] 1.62.138.20 /index.php?m=Utm&c=Sysconfig&a=index
INFO: [ app_init ] --START--
INFO: Run Behavior\BuildLiteBehavior [ RunTime:0.000019s ]
INFO: [ app_init ] --END-- [ RunTime:0.000310s ]
INFO: [ app_begin ] --START--
INFO: Run Behavior\ReadHtmlCacheBehavior [ RunTime:0.000376s ]
INFO: [ app_begin ] --END-- [ RunTime:0.000445s ]
SQL: SHOW COLUMNS FROM `haokuai_sys_config` [ RunTime:0.0019s ]
SQL: SELECT * FROM `haokuai_sys_config` WHERE ( adminid=1 ) LIMIT 1   [ RunTime:0.0004s ]
INFO: [ view_parse ] --START--
INFO: [ template_filter ] --START--
INFO: Run Behavior\ContentReplaceBehavior [ RunTime:0.000091s ]
INFO: [ template_filter ] --END-- [ RunTime:0.000142s ]
NOTIC: [8] Use of undefined constant cbeicode - assumed 'cbeicode' C:\phpStudy\WWW\wawa\Project\Runtime\Cache\Utm\5cd53d35ff1414d1900432289dc69e87.php 第 30 行.
NOTIC: [8] Use of undefined constant cmaurl - assumed 'cmaurl' C:\phpStudy\WWW\wawa\Project\Runtime\Cache\Utm\5cd53d35ff1414d1900432289dc69e87.php 第 65 行.
NOTIC: [8] Use of undefined constant cfaurl - assumed 'cfaurl' C:\phpStudy\WWW\wawa\Project\Runtime\Cache\Utm\5cd53d35ff1414d1900432289dc69e87.php 第 69 行.
NOTIC: [8] Use of undefined constant cbeiurl - assumed 'cbeiurl' C:\phpStudy\WWW\wawa\Project\Runtime\Cache\Utm\5cd53d35ff1414d1900432289dc69e87.php 第 108 行.
INFO: Run Behavior\ParseTemplateBehavior [ RunTime:0.006645s ]
INFO: [ view_parse ] --END-- [ RunTime:0.006704s ]
INFO: [ view_filter ] --START--
INFO: Run Behavior\WriteHtmlCacheBehavior [ RunTime:0.000180s ]
INFO: [ view_filter ] --END-- [ RunTime:0.000222s ]
NOTIC: [8] Undefined variable: uk C:\phpStudy\WWW\wawa\Project\Utm\Controller\IndexController.class.php 第 55 行.
INFO: [ app_end ] --START--
INFO: Run Behavior\ShowPageTraceBehavior [ RunTime:0.000396s ]
INFO: [ app_end ] --END-- [ RunTime:0.000448s ]

[ 2017-04-27T11:03:25+08:00 ] 1.62.138.20 /index.php?m=Utm&c=Sysconfig&a=save
INFO: [ app_init ] --START--
INFO: Run Behavior\BuildLiteBehavior [ RunTime:0.000020s ]
INFO: [ app_init ] --END-- [ RunTime:0.000304s ]
INFO: [ app_begin ] --START--
INFO: Run Behavior\ReadHtmlCacheBehavior [ RunTime:0.000367s ]
INFO: [ app_begin ] --END-- [ RunTime:0.000424s ]
SQL: SHOW COLUMNS FROM `haokuai_sys_config` [ RunTime:0.0020s ]
SQL: SELECT * FROM `haokuai_sys_config` WHERE ( adminid=1 ) LIMIT 1   [ RunTime:0.0004s ]
SQL: UPDATE `haokuai_sys_config` SET `cduanlianjie`='2',`ctongzhi`='',`ckouliang`='0',`cwxappid`='wx1c71e75e5bde9bf9',`cwxappsecret`='3962a3fc9e2eb7cdb4a0e2bf8d52e55c',`cwxmchid`='1330204601',`cwxappkey`='QVfMCEaIiE4gfdZE9FBwkbJWQvk6tDuA',`cdenglucode`='2',`cyongjinfa`='2',`cdailicode`='2',`cgundong`='1',`cmaurl`='http://wawa.imshuodai.com',`cfaurl`='http://wawa.imshuodai.com',`cyongjine`='0',`cchongzong`='0',`cpingbie`='0',`cbeicode`='2',`cbeiurl`='http://wawa.imshuodai.com',`cbeiappid`='wx46bc30ac7d7a8ce0',`cbeiappsecret`='17d2dcf4d6be07cceeab9ea6ea732ba9',`cbeipay`='1',`cbeimchid`='1260388201',`cbeiappkey`='QVfMCEaIiE4gfdZE9FBwkbJWQvk6tDuA',`adminid`='1' WHERE `id` = 2 [ RunTime:0.0003s ]
INFO: [ view_parse ] --START--
INFO: [ template_filter ] --START--
INFO: Run Behavior\ContentReplaceBehavior [ RunTime:0.000046s ]
INFO: [ template_filter ] --END-- [ RunTime:0.000102s ]
INFO: Run Behavior\ParseTemplateBehavior [ RunTime:0.012371s ]
INFO: [ view_parse ] --END-- [ RunTime:0.012430s ]
INFO: [ view_filter ] --START--
INFO: Run Behavior\WriteHtmlCacheBehavior [ RunTime:0.000223s ]
INFO: [ view_filter ] --END-- [ RunTime:0.000270s ]
INFO: [ app_end ] --START--
INFO: Run Behavior\ShowPageTraceBehavior [ RunTime:0.000379s ]
INFO: [ app_end ] --END-- [ RunTime:0.000431s ]

[ 2017-04-27T11:03:26+08:00 ] 1.62.138.20 /index.php?m=Utm&c=Sysconfig&a=index
INFO: [ app_init ] --START--
INFO: Run Behavior\BuildLiteBehavior [ RunTime:0.000019s ]
INFO: [ app_init ] --END-- [ RunTime:0.000383s ]
INFO: [ app_begin ] --START--
INFO: Run Behavior\ReadHtmlCacheBehavior [ RunTime:0.000401s ]
INFO: [ app_begin ] --END-- [ RunTime:0.000478s ]
SQL: SHOW COLUMNS FROM `haokuai_sys_config` [ RunTime:0.0019s ]
SQL: SELECT * FROM `haokuai_sys_config` WHERE ( adminid=1 ) LIMIT 1   [ RunTime:0.0004s ]
INFO: [ view_parse ] --START--
INFO: [ template_filter ] --START--
INFO: Run Behavior\ContentReplaceBehavior [ RunTime:0.000058s ]
INFO: [ template_filter ] --END-- [ RunTime:0.000110s ]
NOTIC: [8] Use of undefined constant cbeicode - assumed 'cbeicode' C:\phpStudy\WWW\wawa\Project\Runtime\Cache\Utm\5cd53d35ff1414d1900432289dc69e87.php 第 30 行.
NOTIC: [8] Use of undefined constant cmaurl - assumed 'cmaurl' C:\phpStudy\WWW\wawa\Project\Runtime\Cache\Utm\5cd53d35ff1414d1900432289dc69e87.php 第 65 行.
NOTIC: [8] Use of undefined constant cfaurl - assumed 'cfaurl' C:\phpStudy\WWW\wawa\Project\Runtime\Cache\Utm\5cd53d35ff1414d1900432289dc69e87.php 第 69 行.
NOTIC: [8] Use of undefined constant cbeiurl - assumed 'cbeiurl' C:\phpStudy\WWW\wawa\Project\Runtime\Cache\Utm\5cd53d35ff1414d1900432289dc69e87.php 第 108 行.
INFO: Run Behavior\ParseTemplateBehavior [ RunTime:0.007198s ]
INFO: [ view_parse ] --END-- [ RunTime:0.007251s ]
INFO: [ view_filter ] --START--
INFO: Run Behavior\WriteHtmlCacheBehavior [ RunTime:0.000229s ]
INFO: [ view_filter ] --END-- [ RunTime:0.000271s ]
NOTIC: [8] Undefined variable: uk C:\phpStudy\WWW\wawa\Project\Utm\Controller\IndexController.class.php 第 55 行.
INFO: [ app_end ] --START--
INFO: Run Behavior\ShowPageTraceBehavior [ RunTime:0.000398s ]
INFO: [ app_end ] --END-- [ RunTime:0.000450s ]

[ 2017-04-27T11:04:06+08:00 ] 1.62.138.20 /index.php?m=Utm&c=Sysconfig&a=save
INFO: [ app_init ] --START--
INFO: Run Behavior\BuildLiteBehavior [ RunTime:0.000020s ]
INFO: [ app_init ] --END-- [ RunTime:0.000328s ]
INFO: [ app_begin ] --START--
INFO: Run Behavior\ReadHtmlCacheBehavior [ RunTime:0.000381s ]
INFO: [ app_begin ] --END-- [ RunTime:0.000443s ]
SQL: SHOW COLUMNS FROM `haokuai_sys_config` [ RunTime:0.0023s ]
SQL: SELECT * FROM `haokuai_sys_config` WHERE ( adminid=1 ) LIMIT 1   [ RunTime:0.0004s ]
SQL: UPDATE `haokuai_sys_config` SET `cduanlianjie`='2',`ctongzhi`='',`ckouliang`='0',`cwxappid`='wxe826cc6e624e725f',`cwxappsecret`='d2dc6f6cb0033cd01d8694faa9973c1a',`cwxmchid`='1423150802',`cwxappkey`='743894a0e4a801fc3743894a0e4a801fc3',`cdenglucode`='2',`cyongjinfa`='2',`cdailicode`='2',`cgundong`='1',`cmaurl`='http://wawa.imshuodai.com',`cfaurl`='http://wawa.imshuodai.com',`cyongjine`='0',`cchongzong`='0',`cpingbie`='0',`cbeicode`='2',`cbeiurl`='http://wawa.imshuodai.com',`cbeiappid`='wx46bc30ac7d7a8ce0',`cbeiappsecret`='17d2dcf4d6be07cceeab9ea6ea732ba9',`cbeipay`='1',`cbeimchid`='1260388201',`cbeiappkey`='QVfMCEaIiE4gfdZE9FBwkbJWQvk6tDuA',`adminid`='1' WHERE `id` = 2 [ RunTime:0.0003s ]
NOTIC: [2] call_user_func() expects parameter 1 to be a valid callback, no array or string given C:\phpStudy\WWW\wawa\ThinkPHP\Library\Think\Upload.class.php 第 170 行.
NOTIC: [2] call_user_func() expects parameter 1 to be a valid callback, no array or string given C:\phpStudy\WWW\wawa\ThinkPHP\Library\Think\Upload.class.php 第 170 行.
NOTIC: [2] call_user_func() expects parameter 1 to be a valid callback, no array or string given C:\phpStudy\WWW\wawa\ThinkPHP\Library\Think\Upload.class.php 第 170 行.
INFO: [ view_parse ] --START--
INFO: [ template_filter ] --START--
INFO: Run Behavior\ContentReplaceBehavior [ RunTime:0.000040s ]
INFO: [ template_filter ] --END-- [ RunTime:0.000105s ]
INFO: Run Behavior\ParseTemplateBehavior [ RunTime:0.004622s ]
INFO: [ view_parse ] --END-- [ RunTime:0.004685s ]
INFO: [ view_filter ] --START--
INFO: Run Behavior\WriteHtmlCacheBehavior [ RunTime:0.000311s ]
INFO: [ view_filter ] --END-- [ RunTime:0.000355s ]
INFO: [ app_end ] --START--
INFO: Run Behavior\ShowPageTraceBehavior [ RunTime:0.000580s ]
INFO: [ app_end ] --END-- [ RunTime:0.000633s ]

[ 2017-04-27T11:04:07+08:00 ] 1.62.138.20 /index.php?m=Utm&c=Sysconfig&a=index
INFO: [ app_init ] --START--
INFO: Run Behavior\BuildLiteBehavior [ RunTime:0.000019s ]
INFO: [ app_init ] --END-- [ RunTime:0.000367s ]
INFO: [ app_begin ] --START--
INFO: Run Behavior\ReadHtmlCacheBehavior [ RunTime:0.000499s ]
INFO: [ app_begin ] --END-- [ RunTime:0.000560s ]
SQL: SHOW COLUMNS FROM `haokuai_sys_config` [ RunTime:0.0019s ]
SQL: SELECT * FROM `haokuai_sys_config` WHERE ( adminid=1 ) LIMIT 1   [ RunTime:0.0004s ]
INFO: [ view_parse ] --START--
INFO: [ template_filter ] --START--
INFO: Run Behavior\ContentReplaceBehavior [ RunTime:0.000058s ]
INFO: [ template_filter ] --END-- [ RunTime:0.000108s ]
NOTIC: [8] Use of undefined constant cbeicode - assumed 'cbeicode' C:\phpStudy\WWW\wawa\Project\Runtime\Cache\Utm\5cd53d35ff1414d1900432289dc69e87.php 第 30 行.
NOTIC: [8] Use of undefined constant cmaurl - assumed 'cmaurl' C:\phpStudy\WWW\wawa\Project\Runtime\Cache\Utm\5cd53d35ff1414d1900432289dc69e87.php 第 65 行.
NOTIC: [8] Use of undefined constant cfaurl - assumed 'cfaurl' C:\phpStudy\WWW\wawa\Project\Runtime\Cache\Utm\5cd53d35ff1414d1900432289dc69e87.php 第 69 行.
NOTIC: [8] Use of undefined constant cbeiurl - assumed 'cbeiurl' C:\phpStudy\WWW\wawa\Project\Runtime\Cache\Utm\5cd53d35ff1414d1900432289dc69e87.php 第 108 行.
INFO: Run Behavior\ParseTemplateBehavior [ RunTime:0.006976s ]
INFO: [ view_parse ] --END-- [ RunTime:0.007028s ]
INFO: [ view_filter ] --START--
INFO: Run Behavior\WriteHtmlCacheBehavior [ RunTime:0.000330s ]
INFO: [ view_filter ] --END-- [ RunTime:0.000411s ]
NOTIC: [8] Undefined variable: uk C:\phpStudy\WWW\wawa\Project\Utm\Controller\IndexController.class.php 第 55 行.
INFO: [ app_end ] --START--
INFO: Run Behavior\ShowPageTraceBehavior [ RunTime:0.000550s ]
INFO: [ app_end ] --END-- [ RunTime:0.000604s ]

[ 2017-04-27T11:05:56+08:00 ] 1.62.138.20 /index.php?m=Utm&c=Index&a=index
INFO: [ app_init ] --START--
INFO: Run Behavior\BuildLiteBehavior [ RunTime:0.000019s ]
INFO: [ app_init ] --END-- [ RunTime:0.000309s ]
INFO: [ app_begin ] --START--
INFO: Run Behavior\ReadHtmlCacheBehavior [ RunTime:0.000357s ]
INFO: [ app_begin ] --END-- [ RunTime:0.000414s ]
INFO: [ view_parse ] --START--
INFO: [ template_filter ] --START--
INFO: Run Behavior\ContentReplaceBehavior [ RunTime:0.000035s ]
INFO: [ template_filter ] --END-- [ RunTime:0.000087s ]
INFO: Run Behavior\ParseTemplateBehavior [ RunTime:0.004247s ]
INFO: [ view_parse ] --END-- [ RunTime:0.004304s ]
INFO: [ view_filter ] --START--
INFO: Run Behavior\WriteHtmlCacheBehavior [ RunTime:0.000217s ]
INFO: [ view_filter ] --END-- [ RunTime:0.000260s ]
INFO: [ app_end ] --START--
INFO: Run Behavior\ShowPageTraceBehavior [ RunTime:0.000389s ]
INFO: [ app_end ] --END-- [ RunTime:0.000438s ]

[ 2017-04-27T11:05:56+08:00 ] 1.62.138.20 /index.php?m=Utm&c=Index&a=top
INFO: [ app_init ] --START--
INFO: Run Behavior\BuildLiteBehavior [ RunTime:0.000019s ]
INFO: [ app_init ] --END-- [ RunTime:0.000309s ]
INFO: [ app_begin ] --START--
INFO: Run Behavior\ReadHtmlCacheBehavior [ RunTime:0.000436s ]
INFO: [ app_begin ] --END-- [ RunTime:0.000493s ]
INFO: [ view_parse ] --START--
INFO: [ template_filter ] --START--
INFO: Run Behavior\ContentReplaceBehavior [ RunTime:0.000054s ]
INFO: [ template_filter ] --END-- [ RunTime:0.000108s ]
INFO: Run Behavior\ParseTemplateBehavior [ RunTime:0.004492s ]
INFO: [ view_parse ] --END-- [ RunTime:0.004562s ]
INFO: [ view_filter ] --START--
INFO: Run Behavior\WriteHtmlCacheBehavior [ RunTime:0.000236s ]
INFO: [ view_filter ] --END-- [ RunTime:0.000279s ]
INFO: [ app_end ] --START--
INFO: Run Behavior\ShowPageTraceBehavior [ RunTime:0.000361s ]
INFO: [ app_end ] --END-- [ RunTime:0.000412s ]

[ 2017-04-27T11:05:56+08:00 ] 1.62.138.20 /index.php?m=Utm&c=Index&a=left
INFO: [ app_init ] --START--
INFO: Run Behavior\BuildLiteBehavior [ RunTime:0.000020s ]
INFO: [ app_init ] --END-- [ RunTime:0.000336s ]
INFO: [ app_begin ] --START--
INFO: Run Behavior\ReadHtmlCacheBehavior [ RunTime:0.000464s ]
INFO: [ app_begin ] --END-- [ RunTime:0.000524s ]
INFO: [ view_parse ] --START--
INFO: [ template_filter ] --START--
INFO: Run Behavior\ContentReplaceBehavior [ RunTime:0.000047s ]
INFO: [ template_filter ] --END-- [ RunTime:0.000110s ]
INFO: Run Behavior\ParseTemplateBehavior [ RunTime:0.006145s ]
INFO: [ view_parse ] --END-- [ RunTime:0.006213s ]
INFO: [ view_filter ] --START--
INFO: Run Behavior\WriteHtmlCacheBehavior [ RunTime:0.000286s ]
INFO: [ view_filter ] --END-- [ RunTime:0.000332s ]
INFO: [ app_end ] --START--
INFO: Run Behavior\ShowPageTraceBehavior [ RunTime:0.000481s ]
INFO: [ app_end ] --END-- [ RunTime:0.000535s ]

[ 2017-04-27T11:05:56+08:00 ] 1.62.138.20 /index.php?m=Utm&c=Index&a=footer
INFO: [ app_init ] --START--
INFO: Run Behavior\BuildLiteBehavior [ RunTime:0.000019s ]
INFO: [ app_init ] --END-- [ RunTime:0.000321s ]
INFO: [ app_begin ] --START--
INFO: Run Behavior\ReadHtmlCacheBehavior [ RunTime:0.000441s ]
INFO: [ app_begin ] --END-- [ RunTime:0.000500s ]
INFO: [ view_parse ] --START--
INFO: [ template_filter ] --START--
INFO: Run Behavior\ContentReplaceBehavior [ RunTime:0.000035s ]
INFO: [ template_filter ] --END-- [ RunTime:0.000091s ]
INFO: Run Behavior\ParseTemplateBehavior [ RunTime:0.004289s ]
INFO: [ view_parse ] --END-- [ RunTime:0.004346s ]
INFO: [ view_filter ] --START--
INFO: Run Behavior\WriteHtmlCacheBehavior [ RunTime:0.000266s ]
INFO: [ view_filter ] --END-- [ RunTime:0.000359s ]
INFO: [ app_end ] --START--
INFO: Run Behavior\ShowPageTraceBehavior [ RunTime:0.000456s ]
INFO: [ app_end ] --END-- [ RunTime:0.000506s ]

[ 2017-04-27T11:05:57+08:00 ] 1.62.138.20 /index.php?m=Utm&c=Sysconfig&a=index
INFO: [ app_init ] --START--
INFO: Run Behavior\BuildLiteBehavior [ RunTime:0.000020s ]
INFO: [ app_init ] --END-- [ RunTime:0.000330s ]
INFO: [ app_begin ] --START--
INFO: Run Behavior\ReadHtmlCacheBehavior [ RunTime:0.000448s ]
INFO: [ app_begin ] --END-- [ RunTime:0.000543s ]
SQL: SHOW COLUMNS FROM `haokuai_sys_config` [ RunTime:0.0018s ]
SQL: SELECT * FROM `haokuai_sys_config` WHERE ( adminid=1 ) LIMIT 1   [ RunTime:0.0004s ]
INFO: [ view_parse ] --START--
INFO: [ template_filter ] --START--
INFO: Run Behavior\ContentReplaceBehavior [ RunTime:0.000055s ]
INFO: [ template_filter ] --END-- [ RunTime:0.000105s ]
NOTIC: [8] Use of undefined constant cbeicode - assumed 'cbeicode' C:\phpStudy\WWW\wawa\Project\Runtime\Cache\Utm\5cd53d35ff1414d1900432289dc69e87.php 第 30 行.
NOTIC: [8] Use of undefined constant cmaurl - assumed 'cmaurl' C:\phpStudy\WWW\wawa\Project\Runtime\Cache\Utm\5cd53d35ff1414d1900432289dc69e87.php 第 65 行.
NOTIC: [8] Use of undefined constant cfaurl - assumed 'cfaurl' C:\phpStudy\WWW\wawa\Project\Runtime\Cache\Utm\5cd53d35ff1414d1900432289dc69e87.php 第 69 行.
NOTIC: [8] Use of undefined constant cbeiurl - assumed 'cbeiurl' C:\phpStudy\WWW\wawa\Project\Runtime\Cache\Utm\5cd53d35ff1414d1900432289dc69e87.php 第 108 行.
INFO: Run Behavior\ParseTemplateBehavior [ RunTime:0.007019s ]
INFO: [ view_parse ] --END-- [ RunTime:0.007071s ]
INFO: [ view_filter ] --START--
INFO: Run Behavior\WriteHtmlCacheBehavior [ RunTime:0.000282s ]
INFO: [ view_filter ] --END-- [ RunTime:0.000390s ]
NOTIC: [8] Undefined variable: uk C:\phpStudy\WWW\wawa\Project\Utm\Controller\IndexController.class.php 第 55 行.
INFO: [ app_end ] --START--
INFO: Run Behavior\ShowPageTraceBehavior [ RunTime:0.000490s ]
INFO: [ app_end ] --END-- [ RunTime:0.000544s ]

[ 2017-04-27T11:05:57+08:00 ] 1.62.138.20 /index.php?m=Utm&c=Index&a=center
INFO: [ app_init ] --START--
INFO: Run Behavior\BuildLiteBehavior [ RunTime:0.000023s ]
INFO: [ app_init ] --END-- [ RunTime:0.000378s ]
INFO: [ app_begin ] --START--
INFO: Run Behavior\ReadHtmlCacheBehavior [ RunTime:0.000490s ]
INFO: [ app_begin ] --END-- [ RunTime:0.000633s ]
INFO: [ view_parse ] --START--
INFO: [ template_filter ] --START--
INFO: Run Behavior\ContentReplaceBehavior [ RunTime:0.000079s ]
INFO: [ template_filter ] --END-- [ RunTime:0.000145s ]
INFO: Run Behavior\ParseTemplateBehavior [ RunTime:0.005089s ]
INFO: [ view_parse ] --END-- [ RunTime:0.005158s ]
INFO: [ view_filter ] --START--
INFO: Run Behavior\WriteHtmlCacheBehavior [ RunTime:0.000313s ]
INFO: [ view_filter ] --END-- [ RunTime:0.000375s ]
INFO: [ app_end ] --START--
INFO: Run Behavior\ShowPageTraceBehavior [ RunTime:0.000608s ]
INFO: [ app_end ] --END-- [ RunTime:0.000663s ]

